<!DOCTYPE html PUBLIC "-//W3C//DTD XHTML 1.1//EN" "http://www.w3.org/TR/xhtml11/DTD/xhtml11.dtd">
<html xmlns="http://www.w3.org/1999/xhtml"><head><title>TestNG Report</title><style type="text/css">table {margin-bottom:10px;border-collapse:collapse;empty-cells:show}th,td {border:1px solid #009;padding:.25em .5em}th {vertical-align:bottom}td {vertical-align:top}table a {font-weight:bold}.stripe td {background-color: #E6EBF9}.num {text-align:right}.passedodd td {background-color: #3F3}.passedeven td {background-color: #0A0}.skippedodd td {background-color: #DDD}.skippedeven td {background-color: #CCC}.failedodd td,.attn {background-color: #F33}.failedeven td,.stripe .attn {background-color: #D00}.stacktrace {white-space:pre;font-family:monospace}.totop {font-size:85%;text-align:center;border-bottom:2px solid #000}</style></head><body><table><tr><th>Test</th><th># Passed</th><th># Skipped</th><th># Failed</th><th>Time (ms)</th><th>Included Groups</th><th>Excluded Groups</th></tr><tr><th colspan="7">Suite</th></tr><tr><td><a href="#t0">Test</a></td><td class="num">18</td><td class="num">0</td><td class="num attn">7</td><td class="num">688,776</td><td></td><td></td></tr></table><table><thead><tr><th>Class</th><th>Method</th><th>Start</th><th>Time (ms)</th></tr></thead><tbody><tr><th colspan="4">Suite</th></tr></tbody><tbody id="t0"><tr><th colspan="4">Test &#8212; failed</th></tr><tr class="failedeven"><td rowspan="4">test.Test_Chat</td><td><a href="#m0">chat_beforeLoginGTV</a></td><td rowspan="1">1591710815017</td><td rowspan="1">50571</td></tr><tr class="failedeven"><td><a href="#m1">chat_beforeLoginINEWS</a></td><td rowspan="1">1591710869375</td><td rowspan="1">63103</td></tr><tr class="failedeven"><td><a href="#m2">chat_beforeLoginMNCTV</a></td><td rowspan="1">1591710743346</td><td rowspan="1">59890</td></tr><tr class="failedeven"><td><a href="#m3">chat_beforeLoginRCTI</a></td><td rowspan="1">1591710668242</td><td rowspan="1">64049</td></tr><tr class="failedodd"><td rowspan="2">test.Test_Login</td><td><a href="#m4">login_successByAccount</a></td><td rowspan="1">1591710987718</td><td rowspan="1">117639</td></tr><tr class="failedodd"><td><a href="#m5">login_successByQrCode</a></td><td rowspan="1">1591711237056</td><td rowspan="1">109334</td></tr><tr class="failedeven"><td rowspan="1">test.Test_Mylist</td><td><a href="#m6">mylist_addByAccountLogin</a></td><td rowspan="1">1591710668076</td><td rowspan="1">69095</td></tr><tr><th colspan="4">Test &#8212; passed</th></tr><tr class="passedeven"><td rowspan="4">test.Test_ForgetPassword</td><td><a href="#m7">forgetpassword_emailNotRegistered</a></td><td rowspan="1">1591710796337</td><td rowspan="1">24798</td></tr><tr class="passedeven"><td><a href="#m8">forgetpassword_invalidEmail</a></td><td rowspan="1">1591710668025</td><td rowspan="1">41455</td></tr><tr class="passedeven"><td><a href="#m9">forgetpassword_invalidPhone</a></td><td rowspan="1">1591710743311</td><td rowspan="1">35227</td></tr><tr class="passedeven"><td><a href="#m10">forgetpassword_phoneNotRegistered</a></td><td rowspan="1">1591710831003</td><td rowspan="1">25375</td></tr><tr class="passedodd"><td rowspan="9">test.Test_Login</td><td><a href="#m11">login_invalidEmail</a></td><td rowspan="1">1591710743311</td><td rowspan="1">45472</td></tr><tr class="passedodd"><td><a href="#m12">login_invalidPassword</a></td><td rowspan="1">1591710796344</td><td rowspan="1">37991</td></tr><tr class="passedodd"><td><a href="#m13">login_invalidPhone</a></td><td rowspan="1">1591710837731</td><td rowspan="1">31829</td></tr><tr class="passedodd"><td><a href="#m14">login_notRegisteredEmail</a></td><td rowspan="1">1591710872035</td><td rowspan="1">30107</td></tr><tr class="passedodd"><td><a href="#m15">login_notRegisteredPhone</a></td><td rowspan="1">1591710904090</td><td rowspan="1">28414</td></tr><tr class="passedodd"><td><a href="#m16">login_success</a></td><td rowspan="1">1591710935317</td><td rowspan="1">50400</td></tr><tr class="passedodd"><td><a href="#m17">login_successByContinueWatching</a></td><td rowspan="1">1591711106995</td><td rowspan="1">40960</td></tr><tr class="passedodd"><td><a href="#m18">login_successByHistory</a></td><td rowspan="1">1591711149889</td><td rowspan="1">40464</td></tr><tr class="passedodd"><td><a href="#m19">login_successByMyList</a></td><td rowspan="1">1591711192001</td><td rowspan="1">43539</td></tr><tr class="passedeven"><td rowspan="5">test.Test_Register</td><td><a href="#m20">register_invalidEmail</a></td><td rowspan="1">1591710668250</td><td rowspan="1">38044</td></tr><tr class="passedeven"><td><a href="#m21">register_invalidPasswordNotMatch</a></td><td rowspan="1">1591710743305</td><td rowspan="1">35490</td></tr><tr class="passedeven"><td><a href="#m22">register_invalidPasswordNumChar</a></td><td rowspan="1">1591710796344</td><td rowspan="1">29018</td></tr><tr class="passedeven"><td><a href="#m23">register_maxCharFullname</a></td><td rowspan="1">1591710831006</td><td rowspan="1">25079</td></tr><tr class="passedeven"><td><a href="#m24">register_validateGender</a></td><td rowspan="1">1591710868319</td><td rowspan="1">87707</td></tr></tbody></table><h2>Test</h2><h3 id="m0">test.Test_Chat#chat_beforeLoginGTV</h3><table class="result"><tr><th>Exception</th></tr><tr><td><div class="stacktrace">java.lang.AssertionError: expected [dikakoko] but found [dikakokodikakoko]
	at object.Chats.validateUsername(Chats.java:84)
	at testcases.Chat.chatGtv(Chat.java:66)
	at test.Test_Chat.chat_beforeLoginGTV(Test_Chat.java:32)
	at java.util.concurrent.ThreadPoolExecutor.runWorker(Unknown Source)
	at java.util.concurrent.ThreadPoolExecutor$Worker.run(Unknown Source)
	at java.lang.Thread.run(Unknown Source)
... Removed 16 stack frames</div></td></tr></table><p class="totop"><a href="#summary">back to summary</a></p><h3 id="m1">test.Test_Chat#chat_beforeLoginINEWS</h3><table class="result"><tr><th>Exception</th></tr><tr><td><div class="stacktrace">java.lang.AssertionError: expected [dikakoko] but found [dikakokodikakoko]
	at object.Chats.validateUsername(Chats.java:84)
	at testcases.Chat.chatInews(Chat.java:84)
	at test.Test_Chat.chat_beforeLoginINEWS(Test_Chat.java:40)
	at java.util.concurrent.ThreadPoolExecutor.runWorker(Unknown Source)
	at java.util.concurrent.ThreadPoolExecutor$Worker.run(Unknown Source)
	at java.lang.Thread.run(Unknown Source)
... Removed 16 stack frames</div></td></tr></table><p class="totop"><a href="#summary">back to summary</a></p><h3 id="m2">test.Test_Chat#chat_beforeLoginMNCTV</h3><table class="result"><tr><th>Exception</th></tr><tr><td><div class="stacktrace">java.lang.AssertionError: expected [dikakoko] but found [dikakokodikakoko]
	at object.Chats.validateUsername(Chats.java:84)
	at testcases.Chat.chatMnctv(Chat.java:48)
	at test.Test_Chat.chat_beforeLoginMNCTV(Test_Chat.java:24)
	at java.util.concurrent.ThreadPoolExecutor.runWorker(Unknown Source)
	at java.util.concurrent.ThreadPoolExecutor$Worker.run(Unknown Source)
	at java.lang.Thread.run(Unknown Source)
... Removed 16 stack frames</div></td></tr></table><p class="totop"><a href="#summary">back to summary</a></p><h3 id="m3">test.Test_Chat#chat_beforeLoginRCTI</h3><table class="result"><tr><th>Exception</th></tr><tr><td><div class="stacktrace">java.lang.AssertionError: expected [dikakoko] but found [dikakokodikakoko]
	at object.Chats.validateUsername(Chats.java:84)
	at testcases.Chat.chatRcti(Chat.java:30)
	at test.Test_Chat.chat_beforeLoginRCTI(Test_Chat.java:16)
	at java.util.concurrent.ThreadPoolExecutor.runWorker(Unknown Source)
	at java.util.concurrent.ThreadPoolExecutor$Worker.run(Unknown Source)
	at java.lang.Thread.run(Unknown Source)
... Removed 16 stack frames</div></td></tr></table><p class="totop"><a href="#summary">back to summary</a></p><h3 id="m4">test.Test_Login#login_successByAccount</h3><table class="result"><tr><th>Exception</th></tr><tr><td><div class="stacktrace">org.openqa.selenium.NoSuchElementException: no such element: Unable to locate element: {&quot;method&quot;:&quot;css selector&quot;,&quot;selector&quot;:&quot;#email&quot;}
  (Session info: chrome=83.0.4103.61)
For documentation on this error, please visit: https://www.seleniumhq.org/exceptions/no_such_element.html
Build info: version: &apos;3.141.59&apos;, revision: &apos;e82be7d358&apos;, time: &apos;2018-11-14T08:17:03&apos;
System info: host: &apos;MNCTVN05589&apos;, ip: &apos;192.168.43.28&apos;, os.name: &apos;Windows 10&apos;, os.arch: &apos;amd64&apos;, os.version: &apos;10.0&apos;, java.version: &apos;1.8.0_221&apos;
Driver info: org.openqa.selenium.remote.RemoteWebDriver
Capabilities {acceptInsecureCerts: false, browserName: chrome, browserVersion: 83.0.4103.61, chrome: {chromedriverVersion: 83.0.4103.39 (ccbf011cb2d2b..., userDataDir: /tmp/.com.google.Chrome.Ybtfjn}, goog:chromeOptions: {debuggerAddress: localhost:46769}, javascriptEnabled: true, networkConnectionEnabled: false, pageLoadStrategy: normal, platform: LINUX, platformName: LINUX, proxy: Proxy(), setWindowRect: true, strictFileInteractability: false, timeouts: {implicit: 0, pageLoad: 300000, script: 30000}, unhandledPromptBehavior: dismiss and notify, webauthn:virtualAuthenticators: true, webdriver.remote.sessionid: 908a706693688ddb6da3c5bb47b...}
Session ID: 908a706693688ddb6da3c5bb47bc7ef6
*** Element info: {Using=id, value=email}
	at org.openqa.selenium.remote.http.W3CHttpResponseCodec.createException(W3CHttpResponseCodec.java:187)
	at org.openqa.selenium.remote.http.W3CHttpResponseCodec.decode(W3CHttpResponseCodec.java:122)
	at org.openqa.selenium.remote.http.W3CHttpResponseCodec.decode(W3CHttpResponseCodec.java:49)
	at org.openqa.selenium.remote.HttpCommandExecutor.execute(HttpCommandExecutor.java:158)
	at org.openqa.selenium.remote.RemoteWebDriver.execute(RemoteWebDriver.java:552)
	at org.openqa.selenium.remote.RemoteWebDriver.findElement(RemoteWebDriver.java:323)
	at org.openqa.selenium.remote.RemoteWebDriver.findElementById(RemoteWebDriver.java:372)
	at org.openqa.selenium.By$ById.findElement(By.java:188)
	at org.openqa.selenium.remote.RemoteWebDriver.findElement(RemoteWebDriver.java:315)
	at object.Logins.clearFormUsername(Logins.java:117)
	at object.Logins.inputUsername(Logins.java:89)
	at testcases.Login.loginByAccount(Login.java:125)
	at test.Test_Login.login_successByAccount(Test_Login.java:63)
	at java.util.concurrent.ThreadPoolExecutor.runWorker(Unknown Source)
	at java.util.concurrent.ThreadPoolExecutor$Worker.run(Unknown Source)
	at java.lang.Thread.run(Unknown Source)
... Removed 14 stack frames</div></td></tr></table><p class="totop"><a href="#summary">back to summary</a></p><h3 id="m5">test.Test_Login#login_successByQrCode</h3><table class="result"><tr><th>Exception</th></tr><tr><td><div class="stacktrace">org.openqa.selenium.json.JsonException: java.lang.reflect.InvocationTargetException
Build info: version: &apos;3.141.59&apos;, revision: &apos;e82be7d358&apos;, time: &apos;2018-11-14T08:17:03&apos;
System info: host: &apos;MNCTVN05589&apos;, ip: &apos;192.168.43.28&apos;, os.name: &apos;Windows 10&apos;, os.arch: &apos;amd64&apos;, os.version: &apos;10.0&apos;, java.version: &apos;1.8.0_221&apos;
Driver info: driver.version: RemoteWebDriver
	at org.openqa.selenium.json.JsonOutput.convertUsingMethod(JsonOutput.java:332)
	at org.openqa.selenium.json.JsonOutput.lambda$new$16(JsonOutput.java:155)
	at org.openqa.selenium.json.JsonOutput.write(JsonOutput.java:264)
	at org.openqa.selenium.json.JsonOutput.lambda$null$21(JsonOutput.java:168)
	at java.util.LinkedHashMap$LinkedValues.forEach(Unknown Source)
	at org.openqa.selenium.json.JsonOutput.lambda$new$22(JsonOutput.java:168)
	at org.openqa.selenium.json.JsonOutput.write(JsonOutput.java:264)
	at org.openqa.selenium.json.JsonOutput.lambda$null$23(JsonOutput.java:177)
	at com.google.common.collect.SingletonImmutableBiMap.forEach(SingletonImmutableBiMap.java:65)
	at org.openqa.selenium.json.JsonOutput.lambda$new$24(JsonOutput.java:176)
	at org.openqa.selenium.json.JsonOutput.write(JsonOutput.java:264)
	at org.openqa.selenium.json.JsonOutput.write(JsonOutput.java:255)
	at org.openqa.selenium.json.Json.toJson(Json.java:42)
	at org.openqa.selenium.remote.http.AbstractHttpCommandCodec.encode(AbstractHttpCommandCodec.java:227)
	at org.openqa.selenium.remote.http.AbstractHttpCommandCodec.encode(AbstractHttpCommandCodec.java:117)
	at org.openqa.selenium.remote.HttpCommandExecutor.execute(HttpCommandExecutor.java:152)
	at org.openqa.selenium.remote.RemoteWebDriver.execute(RemoteWebDriver.java:552)
	at org.openqa.selenium.remote.RemoteWebDriver.perform(RemoteWebDriver.java:618)
	at org.openqa.selenium.interactions.Actions$BuiltAction.perform(Actions.java:639)
	at object.Logins.popupButtonLogin(Logins.java:51)
	at testcases.Login.loginByQrCode(Login.java:206)
	at test.Test_Login.login_successByQrCode(Test_Login.java:95)
	at java.util.concurrent.ThreadPoolExecutor.runWorker(Unknown Source)
	at java.util.concurrent.ThreadPoolExecutor$Worker.run(Unknown Source)
	at java.lang.Thread.run(Unknown Source)
	Suppressed: org.openqa.selenium.json.JsonException: Attempting to close incomplete json stream
Build info: version: &apos;3.141.59&apos;, revision: &apos;e82be7d358&apos;, time: &apos;2018-11-14T08:17:03&apos;
System info: host: &apos;MNCTVN05589&apos;, ip: &apos;192.168.43.28&apos;, os.name: &apos;Windows 10&apos;, os.arch: &apos;amd64&apos;, os.version: &apos;10.0&apos;, java.version: &apos;1.8.0_221&apos;
Driver info: driver.version: RemoteWebDriver
		at org.openqa.selenium.json.JsonOutput.close(JsonOutput.java:279)
		at org.openqa.selenium.json.Json.toJson(Json.java:44)
		... 22 more
	at org.openqa.selenium.json.JsonOutput.convertUsingMethod(JsonOutput.java:328)
	... 34 more
Caused by: org.openqa.selenium.NoSuchElementException: no such element: Unable to locate element: {&quot;method&quot;:&quot;xpath&quot;,&quot;selector&quot;:&quot;//button[contains(text(),&apos;Sign In&apos;)]&quot;}
  (Session info: chrome=83.0.4103.61)
For documentation on this error, please visit: https://www.seleniumhq.org/exceptions/no_such_element.html
Build info: version: &apos;3.141.59&apos;, revision: &apos;e82be7d358&apos;, time: &apos;2018-11-14T08:17:03&apos;
System info: host: &apos;MNCTVN05589&apos;, ip: &apos;192.168.43.28&apos;, os.name: &apos;Windows 10&apos;, os.arch: &apos;amd64&apos;, os.version: &apos;10.0&apos;, java.version: &apos;1.8.0_221&apos;
Driver info: org.openqa.selenium.remote.RemoteWebDriver
Capabilities {acceptInsecureCerts: false, browserName: chrome, browserVersion: 83.0.4103.61, chrome: {chromedriverVersion: 83.0.4103.39 (ccbf011cb2d2b..., userDataDir: /tmp/.com.google.Chrome.XhX6c2}, goog:chromeOptions: {debuggerAddress: localhost:33905}, javascriptEnabled: true, networkConnectionEnabled: false, pageLoadStrategy: normal, platform: LINUX, platformName: LINUX, proxy: Proxy(), setWindowRect: true, strictFileInteractability: false, timeouts: {implicit: 0, pageLoad: 300000, script: 30000}, unhandledPromptBehavior: dismiss and notify, webauthn:virtualAuthenticators: true, webdriver.remote.sessionid: 200616d98dd0bf55e82acab6a9b...}
Session ID: 200616d98dd0bf55e82acab6a9b113af
*** Element info: {Using=xpath, value=//button[contains(text(),&apos;Sign In&apos;)]}
	at org.openqa.selenium.remote.http.W3CHttpResponseCodec.createException(W3CHttpResponseCodec.java:187)
	at org.openqa.selenium.remote.http.W3CHttpResponseCodec.decode(W3CHttpResponseCodec.java:122)
	at org.openqa.selenium.remote.http.W3CHttpResponseCodec.decode(W3CHttpResponseCodec.java:49)
	at org.openqa.selenium.remote.HttpCommandExecutor.execute(HttpCommandExecutor.java:158)
	at org.openqa.selenium.remote.RemoteWebDriver.execute(RemoteWebDriver.java:552)
	at org.openqa.selenium.remote.RemoteWebDriver.findElement(RemoteWebDriver.java:323)
	at org.openqa.selenium.remote.RemoteWebDriver.findElementByXPath(RemoteWebDriver.java:428)
	at org.openqa.selenium.By$ByXPath.findElement(By.java:353)
	at org.openqa.selenium.remote.RemoteWebDriver.findElement(RemoteWebDriver.java:315)
	at org.openqa.selenium.support.pagefactory.DefaultElementLocator.findElement(DefaultElementLocator.java:69)
	at org.openqa.selenium.support.pagefactory.internal.LocatingElementHandler.invoke(LocatingElementHandler.java:38)
	at com.sun.proxy.$Proxy7.getWrappedElement(Unknown Source)
	at org.openqa.selenium.interactions.PointerInput$Origin.asArg(PointerInput.java:204)
	at org.openqa.selenium.interactions.PointerInput$Move.encode(PointerInput.java:155)
	at org.openqa.selenium.interactions.Sequence.encode(Sequence.java:75)
	at org.openqa.selenium.interactions.Sequence.toJson(Sequence.java:84)
	... 38 more
... Removed 18 stack frames</div></td></tr></table><p class="totop"><a href="#summary">back to summary</a></p><h3 id="m6">test.Test_Mylist#mylist_addByAccountLogin</h3><table class="result"><tr><th>Exception</th></tr><tr><td><div class="stacktrace">java.lang.AssertionError: expected [?] but found [dibayarlunas1video]
	at object.Mylists.validateMylistAdded(Mylists.java:113)
	at testcases.Mylist.addMylistByAccountLogin(Mylist.java:25)
	at test.Test_Mylist.mylist_addByAccountLogin(Test_Mylist.java:17)
	at java.util.concurrent.ThreadPoolExecutor.runWorker(Unknown Source)
	at java.util.concurrent.ThreadPoolExecutor$Worker.run(Unknown Source)
	at java.lang.Thread.run(Unknown Source)
... Removed 16 stack frames</div></td></tr></table><p class="totop"><a href="#summary">back to summary</a></p><h3 id="m7">test.Test_ForgetPassword#forgetpassword_emailNotRegistered</h3><table class="result"></table><p class="totop"><a href="#summary">back to summary</a></p><h3 id="m8">test.Test_ForgetPassword#forgetpassword_invalidEmail</h3><table class="result"></table><p class="totop"><a href="#summary">back to summary</a></p><h3 id="m9">test.Test_ForgetPassword#forgetpassword_invalidPhone</h3><table class="result"></table><p class="totop"><a href="#summary">back to summary</a></p><h3 id="m10">test.Test_ForgetPassword#forgetpassword_phoneNotRegistered</h3><table class="result"></table><p class="totop"><a href="#summary">back to summary</a></p><h3 id="m11">test.Test_Login#login_invalidEmail</h3><table class="result"></table><p class="totop"><a href="#summary">back to summary</a></p><h3 id="m12">test.Test_Login#login_invalidPassword</h3><table class="result"></table><p class="totop"><a href="#summary">back to summary</a></p><h3 id="m13">test.Test_Login#login_invalidPhone</h3><table class="result"></table><p class="totop"><a href="#summary">back to summary</a></p><h3 id="m14">test.Test_Login#login_notRegisteredEmail</h3><table class="result"></table><p class="totop"><a href="#summary">back to summary</a></p><h3 id="m15">test.Test_Login#login_notRegisteredPhone</h3><table class="result"></table><p class="totop"><a href="#summary">back to summary</a></p><h3 id="m16">test.Test_Login#login_success</h3><table class="result"></table><p class="totop"><a href="#summary">back to summary</a></p><h3 id="m17">test.Test_Login#login_successByContinueWatching</h3><table class="result"></table><p class="totop"><a href="#summary">back to summary</a></p><h3 id="m18">test.Test_Login#login_successByHistory</h3><table class="result"></table><p class="totop"><a href="#summary">back to summary</a></p><h3 id="m19">test.Test_Login#login_successByMyList</h3><table class="result"></table><p class="totop"><a href="#summary">back to summary</a></p><h3 id="m20">test.Test_Register#register_invalidEmail</h3><table class="result"></table><p class="totop"><a href="#summary">back to summary</a></p><h3 id="m21">test.Test_Register#register_invalidPasswordNotMatch</h3><table class="result"></table><p class="totop"><a href="#summary">back to summary</a></p><h3 id="m22">test.Test_Register#register_invalidPasswordNumChar</h3><table class="result"></table><p class="totop"><a href="#summary">back to summary</a></p><h3 id="m23">test.Test_Register#register_maxCharFullname</h3><table class="result"></table><p class="totop"><a href="#summary">back to summary</a></p><h3 id="m24">test.Test_Register#register_validateGender</h3><table class="result"></table><p class="totop"><a href="#summary">back to summary</a></p></body></html>